# JRE version: OpenJDK Runtime Environment GraalVM CE 22.3.0 (17.0.5+8) (build 17.0.5+8-jvmci-22.3-b08)
# Java VM: OpenJDK 64-Bit Server VM GraalVM CE 22.3.0 (17.0.5+8-jvmci-22.3-b08, mixed mode, sharing, tiered, jvmci, jvmci compiler, compressed oops, compressed class ptrs, parallel gc, linux-amd64)
GC Precious Log:
 CPUs: 16 total, 2 available
 Memory: 3215M
 Large Page Support: Disabled
 NUMA Support: Disabled
 Compressed Oops: Enabled (32-bit)
 Alignments: Space 512K, Generation 512K, Heap 2M
 Heap Min Capacity: 100M
 Heap Initial Capacity: 100M
 Heap Max Capacity: 512M
 Pre-touch: Disabled
 Parallel Workers: 2
Heap:
 PSYoungGen      total 54272K, used 36864K [0x00000000f5580000, 0x00000000fa100000, 0x0000000100000000)
  eden space 36864K, 100% used [0x00000000f5580000,0x00000000f7980000,0x00000000f7980000)
  from space 17408K, 0% used [0x00000000f9000000,0x00000000f9000000,0x00000000fa100000)
  to   space 14848K, 0% used [0x00000000f7980000,0x00000000f7980000,0x00000000f8800000)
 ParOldGen       total 349696K, used 349694K [0x00000000e0000000, 0x00000000f5580000, 0x00000000f5580000)
  object space 349696K, 99% used [0x00000000e0000000,0x00000000f557f888,0x00000000f5580000)
 Metaspace       used 55573K, committed 56576K, reserved 1105920K
  class space    used 5318K, committed 5760K, reserved 1048576K
GC Heap History (20 events):
Event: 433.457 GC heap before
{Heap before GC invocations=884 (full 799):
 PSYoungGen      total 54272K, used 36863K [0x00000000f5580000, 0x00000000fa100000, 0x0000000100000000)
  eden space 36864K, 99% used [0x00000000f5580000,0x00000000f797fff0,0x00000000f7980000)
  from space 17408K, 0% used [0x00000000f9000000,0x00000000f9000000,0x00000000fa100000)
  to   space 14848K, 0% used [0x00000000f7980000,0x00000000f7980000,0x00000000f8800000)
 ParOldGen       total 349696K, used 349694K [0x00000000e0000000, 0x00000000f5580000, 0x00000000f5580000)
  object space 349696K, 99% used [0x00000000e0000000,0x00000000f557fbb8,0x00000000f5580000)
 Metaspace       used 55573K, committed 56576K, reserved 1105920K
  class space    used 5318K, committed 5760K, reserved 1048576K
}
Event: 433.872 GC heap after
{Heap after GC invocations=884 (full 799):
 PSYoungGen      total 51712K, used 36863K [0x00000000f5580000, 0x00000000fa100000, 0x0000000100000000)
  eden space 36864K, 99% used [0x00000000f5580000,0x00000000f797ffd0,0x00000000f7980000)
  from space 14848K, 0% used [0x00000000f7980000,0x00000000f7980000,0x00000000f8800000)
  to   space 17408K, 0% used [0x00000000f9000000,0x00000000f9000000,0x00000000fa100000)
 ParOldGen       total 349696K, used 349694K [0x00000000e0000000, 0x00000000f5580000, 0x00000000f5580000)
  object space 349696K, 99% used [0x00000000e0000000,0x00000000f557fbb8,0x00000000f5580000)
 Metaspace       used 55573K, committed 56576K, reserved 1105920K
  class space    used 5318K, committed 5760K, reserved 1048576K
}
Event: 433.872 GC heap before
{Heap before GC invocations=885 (full 800):
 PSYoungGen      total 51712K, used 36863K [0x00000000f5580000, 0x00000000fa100000, 0x0000000100000000)
  eden space 36864K, 99% used [0x00000000f5580000,0x00000000f797fff0,0x00000000f7980000)
  from space 14848K, 0% used [0x00000000f7980000,0x00000000f7980000,0x00000000f8800000)
  to   space 17408K, 0% used [0x00000000f9000000,0x00000000f9000000,0x00000000fa100000)
 ParOldGen       total 349696K, used 349694K [0x00000000e0000000, 0x00000000f5580000, 0x00000000f5580000)
  object space 349696K, 99% used [0x00000000e0000000,0x00000000f557fbb8,0x00000000f5580000)
 Metaspace       used 55573K, committed 56576K, reserved 1105920K
  class space    used 5318K, committed 5760K, reserved 1048576K
}
Event: 434.285 GC heap after
{Heap after GC invocations=885 (full 800):
 PSYoungGen      total 54272K, used 36863K [0x00000000f5580000, 0x00000000fa100000, 0x0000000100000000)
  eden space 36864K, 99% used [0x00000000f5580000,0x00000000f797ffd0,0x00000000f7980000)
  from space 17408K, 0% used [0x00000000f9000000,0x00000000f9000000,0x00000000fa100000)
  to   space 14848K, 0% used [0x00000000f7980000,0x00000000f7980000,0x00000000f8800000)
 ParOldGen       total 349696K, used 349694K [0x00000000e0000000, 0x00000000f5580000, 0x00000000f5580000)
  object space 349696K, 99% used [0x00000000e0000000,0x00000000f557fbb8,0x00000000f5580000)
 Metaspace       used 55573K, committed 56576K, reserved 1105920K
  class space    used 5318K, committed 5760K, reserved 1048576K
}
Event: 434.285 GC heap before
{Heap before GC invocations=886 (full 801):
 PSYoungGen      total 54272K, used 36863K [0x00000000f5580000, 0x00000000fa100000, 0x0000000100000000)
  eden space 36864K, 99% used [0x00000000f5580000,0x00000000f797fff0,0x00000000f7980000)
  from space 17408K, 0% used [0x00000000f9000000,0x00000000f9000000,0x00000000fa100000)
  to   space 14848K, 0% used [0x00000000f7980000,0x00000000f7980000,0x00000000f8800000)
 ParOldGen       total 349696K, used 349694K [0x00000000e0000000, 0x00000000f5580000, 0x00000000f5580000)
  object space 349696K, 99% used [0x00000000e0000000,0x00000000f557fbb8,0x00000000f5580000)
 Metaspace       used 55573K, committed 56576K, reserved 1105920K
  class space    used 5318K, committed 5760K, reserved 1048576K
}
Event: 434.718 GC heap after
{Heap after GC invocations=886 (full 801):
 PSYoungGen      total 51712K, used 36863K [0x00000000f5580000, 0x00000000fa100000, 0x0000000100000000)
  eden space 36864K, 99% used [0x00000000f5580000,0x00000000f797fff0,0x00000000f7980000)
  from space 14848K, 0% used [0x00000000f7980000,0x00000000f7980000,0x00000000f8800000)
  to   space 17408K, 0% used [0x00000000f9000000,0x00000000f9000000,0x00000000fa100000)
 ParOldGen       total 349696K, used 349694K [0x00000000e0000000, 0x00000000f5580000, 0x00000000f5580000)
  object space 349696K, 99% used [0x00000000e0000000,0x00000000f557fbb8,0x00000000f5580000)
 Metaspace       used 55573K, committed 56576K, reserved 1105920K
  class space    used 5318K, committed 5760K, reserved 1048576K
}
Event: 434.718 GC heap before
{Heap before GC invocations=887 (full 802):
 PSYoungGen      total 51712K, used 36864K [0x00000000f5580000, 0x00000000fa100000, 0x0000000100000000)
  eden space 36864K, 100% used [0x00000000f5580000,0x00000000f7980000,0x00000000f7980000)
  from space 14848K, 0% used [0x00000000f7980000,0x00000000f7980000,0x00000000f8800000)
  to   space 17408K, 0% used [0x00000000f9000000,0x00000000f9000000,0x00000000fa100000)
 ParOldGen       total 349696K, used 349695K [0x00000000e0000000, 0x00000000f5580000, 0x00000000f5580000)
  object space 349696K, 99% used [0x00000000e0000000,0x00000000f557ffd0,0x00000000f5580000)
 Metaspace       used 55573K, committed 56576K, reserved 1105920K
  class space    used 5318K, committed 5760K, reserved 1048576K
}
Event: 435.167 GC heap after
{Heap after GC invocations=887 (full 802):
 PSYoungGen      total 54272K, used 36863K [0x00000000f5580000, 0x00000000fa100000, 0x0000000100000000)
  eden space 36864K, 99% used [0x00000000f5580000,0x00000000f797fec0,0x00000000f7980000)
  from space 17408K, 0% used [0x00000000f9000000,0x00000000f9000000,0x00000000fa100000)
  to   space 14848K, 0% used [0x00000000f7980000,0x00000000f7980000,0x00000000f8800000)
 ParOldGen       total 349696K, used 349693K [0x00000000e0000000, 0x00000000f5580000, 0x00000000f5580000)
  object space 349696K, 99% used [0x00000000e0000000,0x00000000f557f780,0x00000000f5580000)
 Metaspace       used 55573K, committed 56576K, reserved 1105920K
  class space    used 5318K, committed 5760K, reserved 1048576K
}
Event: 435.170 GC heap before
{Heap before GC invocations=888 (full 803):
 PSYoungGen      total 54272K, used 36863K [0x00000000f5580000, 0x00000000fa100000, 0x0000000100000000)
  eden space 36864K, 99% used [0x00000000f5580000,0x00000000f797fff8,0x00000000f7980000)
  from space 17408K, 0% used [0x00000000f9000000,0x00000000f9000000,0x00000000fa100000)
  to   space 14848K, 0% used [0x00000000f7980000,0x00000000f7980000,0x00000000f8800000)
 ParOldGen       total 349696K, used 349693K [0x00000000e0000000, 0x00000000f5580000, 0x00000000f5580000)
  object space 349696K, 99% used [0x00000000e0000000,0x00000000f557f780,0x00000000f5580000)
 Metaspace       used 55573K, committed 56576K, reserved 1105920K
  class space    used 5318K, committed 5760K, reserved 1048576K
}
Event: 435.580 GC heap after
{Heap after GC invocations=888 (full 803):
 PSYoungGen      total 51712K, used 36863K [0x00000000f5580000, 0x00000000fa100000, 0x0000000100000000)
  eden space 36864K, 99% used [0x00000000f5580000,0x00000000f797ff18,0x00000000f7980000)
  from space 14848K, 0% used [0x00000000f7980000,0x00000000f7980000,0x00000000f8800000)
  to   space 17408K, 0% used [0x00000000f9000000,0x00000000f9000000,0x00000000fa100000)
 ParOldGen       total 349696K, used 349693K [0x00000000e0000000, 0x00000000f5580000, 0x00000000f5580000)
  object space 349696K, 99% used [0x00000000e0000000,0x00000000f557f730,0x00000000f5580000)
 Metaspace       used 55573K, committed 56576K, reserved 1105920K
  class space    used 5318K, committed 5760K, reserved 1048576K
}
Event: 435.580 GC heap before
{Heap before GC invocations=889 (full 804):
 PSYoungGen      total 51712K, used 36864K [0x00000000f5580000, 0x00000000fa100000, 0x0000000100000000)
  eden space 36864K, 100% used [0x00000000f5580000,0x00000000f7980000,0x00000000f7980000)
  from space 14848K, 0% used [0x00000000f7980000,0x00000000f7980000,0x00000000f8800000)
  to   space 17408K, 0% used [0x00000000f9000000,0x00000000f9000000,0x00000000fa100000)
 ParOldGen       total 349696K, used 349693K [0x00000000e0000000, 0x00000000f5580000, 0x00000000f5580000)
  object space 349696K, 99% used [0x00000000e0000000,0x00000000f557f730,0x00000000f5580000)
 Metaspace       used 55573K, committed 56576K, reserved 1105920K
  class space    used 5318K, committed 5760K, reserved 1048576K
}
Event: 436.003 GC heap after
{Heap after GC invocations=889 (full 804):
 PSYoungGen      total 54272K, used 36863K [0x00000000f5580000, 0x00000000fa100000, 0x0000000100000000)
  eden space 36864K, 99% used [0x00000000f5580000,0x00000000f797ffe0,0x00000000f7980000)
  from space 17408K, 0% used [0x00000000f9000000,0x00000000f9000000,0x00000000fa100000)
  to   space 14848K, 0% used [0x00000000f7980000,0x00000000f7980000,0x00000000f8800000)
 ParOldGen       total 349696K, used 349693K [0x00000000e0000000, 0x00000000f5580000, 0x00000000f5580000)
  object space 349696K, 99% used [0x00000000e0000000,0x00000000f557f700,0x00000000f5580000)
 Metaspace       used 55573K, committed 56576K, reserved 1105920K
  class space    used 5318K, committed 5760K, reserved 1048576K
}
Event: 436.003 GC heap before
{Heap before GC invocations=890 (full 805):
 PSYoungGen      total 54272K, used 36863K [0x00000000f5580000, 0x00000000fa100000, 0x0000000100000000)
  eden space 36864K, 99% used [0x00000000f5580000,0x00000000f797fff8,0x00000000f7980000)
  from space 17408K, 0% used [0x00000000f9000000,0x00000000f9000000,0x00000000fa100000)
  to   space 14848K, 0% used [0x00000000f7980000,0x00000000f7980000,0x00000000f8800000)
 ParOldGen       total 349696K, used 349693K [0x00000000e0000000, 0x00000000f5580000, 0x00000000f5580000)
  object space 349696K, 99% used [0x00000000e0000000,0x00000000f557f700,0x00000000f5580000)
 Metaspace       used 55573K, committed 56576K, reserved 1105920K
  class space    used 5318K, committed 5760K, reserved 1048576K
}
Event: 436.428 GC heap after
{Heap after GC invocations=890 (full 805):
 PSYoungGen      total 51712K, used 36863K [0x00000000f5580000, 0x00000000fa100000, 0x0000000100000000)
  eden space 36864K, 99% used [0x00000000f5580000,0x00000000f797ffd8,0x00000000f7980000)
  from space 14848K, 0% used [0x00000000f7980000,0x00000000f7980000,0x00000000f8800000)
  to   space 17408K, 0% used [0x00000000f9000000,0x00000000f9000000,0x00000000fa100000)
 ParOldGen       total 349696K, used 349693K [0x00000000e0000000, 0x00000000f5580000, 0x00000000f5580000)
  object space 349696K, 99% used [0x00000000e0000000,0x00000000f557f700,0x00000000f5580000)
 Metaspace       used 55573K, committed 56576K, reserved 1105920K
  class space    used 5318K, committed 5760K, reserved 1048576K
}
Event: 436.428 GC heap before
{Heap before GC invocations=891 (full 806):
 PSYoungGen      total 51712K, used 36863K [0x00000000f5580000, 0x00000000fa100000, 0x0000000100000000)
  eden space 36864K, 99% used [0x00000000f5580000,0x00000000f797fff8,0x00000000f7980000)
  from space 14848K, 0% used [0x00000000f7980000,0x00000000f7980000,0x00000000f8800000)
  to   space 17408K, 0% used [0x00000000f9000000,0x00000000f9000000,0x00000000fa100000)
 ParOldGen       total 349696K, used 349693K [0x00000000e0000000, 0x00000000f5580000, 0x00000000f5580000)
  object space 349696K, 99% used [0x00000000e0000000,0x00000000f557f700,0x00000000f5580000)
 Metaspace       used 55573K, committed 56576K, reserved 1105920K
  class space    used 5318K, committed 5760K, reserved 1048576K
}
Event: 436.829 GC heap after
{Heap after GC invocations=891 (full 806):
 PSYoungGen      total 54272K, used 36863K [0x00000000f5580000, 0x00000000fa100000, 0x0000000100000000)
  eden space 36864K, 99% used [0x00000000f5580000,0x00000000f797fff8,0x00000000f7980000)
  from space 17408K, 0% used [0x00000000f9000000,0x00000000f9000000,0x00000000fa100000)
  to   space 14848K, 0% used [0x00000000f7980000,0x00000000f7980000,0x00000000f8800000)
 ParOldGen       total 349696K, used 349693K [0x00000000e0000000, 0x00000000f5580000, 0x00000000f5580000)
  object space 349696K, 99% used [0x00000000e0000000,0x00000000f557f6e0,0x00000000f5580000)
 Metaspace       used 55573K, committed 56576K, reserved 1105920K
  class space    used 5318K, committed 5760K, reserved 1048576K
}
Event: 436.830 GC heap before
{Heap before GC invocations=892 (full 807):
 PSYoungGen      total 54272K, used 36863K [0x00000000f5580000, 0x00000000fa100000, 0x0000000100000000)
  eden space 36864K, 99% used [0x00000000f5580000,0x00000000f797fff8,0x00000000f7980000)
  from space 17408K, 0% used [0x00000000f9000000,0x00000000f9000000,0x00000000fa100000)
  to   space 14848K, 0% used [0x00000000f7980000,0x00000000f7980000,0x00000000f8800000)
 ParOldGen       total 349696K, used 349695K [0x00000000e0000000, 0x00000000f5580000, 0x00000000f5580000)
  object space 349696K, 99% used [0x00000000e0000000,0x00000000f557fd88,0x00000000f5580000)
 Metaspace       used 55573K, committed 56576K, reserved 1105920K
  class space    used 5318K, committed 5760K, reserved 1048576K
}
Event: 437.274 GC heap after
{Heap after GC invocations=892 (full 807):
 PSYoungGen      total 51712K, used 36863K [0x00000000f5580000, 0x00000000fa100000, 0x0000000100000000)
  eden space 36864K, 99% used [0x00000000f5580000,0x00000000f797ffd8,0x00000000f7980000)
  from space 14848K, 0% used [0x00000000f7980000,0x00000000f7980000,0x00000000f8800000)
  to   space 17408K, 0% used [0x00000000f9000000,0x00000000f9000000,0x00000000fa100000)
 ParOldGen       total 349696K, used 349693K [0x00000000e0000000, 0x00000000f5580000, 0x00000000f5580000)
  object space 349696K, 99% used [0x00000000e0000000,0x00000000f557f740,0x00000000f5580000)
 Metaspace       used 55573K, committed 56576K, reserved 1105920K
  class space    used 5318K, committed 5760K, reserved 1048576K
}
Event: 437.274 GC heap before
{Heap before GC invocations=893 (full 808):
 PSYoungGen      total 51712K, used 36863K [0x00000000f5580000, 0x00000000fa100000, 0x0000000100000000)
  eden space 36864K, 99% used [0x00000000f5580000,0x00000000f797ffd8,0x00000000f7980000)
  from space 14848K, 0% used [0x00000000f7980000,0x00000000f7980000,0x00000000f8800000)
  to   space 17408K, 0% used [0x00000000f9000000,0x00000000f9000000,0x00000000fa100000)
 ParOldGen       total 349696K, used 349693K [0x00000000e0000000, 0x00000000f5580000, 0x00000000f5580000)
  object space 349696K, 99% used [0x00000000e0000000,0x00000000f557f740,0x00000000f5580000)
 Metaspace       used 55573K, committed 56576K, reserved 1105920K
  class space    used 5318K, committed 5760K, reserved 1048576K
}
Event: 437.707 GC heap after
{Heap after GC invocations=893 (full 808):
 PSYoungGen      total 54272K, used 36863K [0x00000000f5580000, 0x00000000fa100000, 0x0000000100000000)
  eden space 36864K, 99% used [0x00000000f5580000,0x00000000f797ffd8,0x00000000f7980000)
  from space 17408K, 0% used [0x00000000f9000000,0x00000000f9000000,0x00000000fa100000)
  to   space 14848K, 0% used [0x00000000f7980000,0x00000000f7980000,0x00000000f8800000)
 ParOldGen       total 349696K, used 349693K [0x00000000e0000000, 0x00000000f5580000, 0x00000000f5580000)
  object space 349696K, 99% used [0x00000000e0000000,0x00000000f557f740,0x00000000f5580000)
 Metaspace       used 55573K, committed 56576K, reserved 1105920K
  class space    used 5318K, committed 5760K, reserved 1048576K
}

